<?xml version="1.0" encoding="UTF-8"?>
<testng-results skipped="0" failed="0" ignored="0" total="1" passed="1">
  <reporter-output>
  </reporter-output>
  <suite name="Suite" duration-ms="92" started-at="2019-02-17T17:09:28Z" finished-at="2019-02-17T17:09:28Z">
    <groups>
    </groups>
    <test name="Test" duration-ms="92" started-at="2019-02-17T17:09:28Z" finished-at="2019-02-17T17:09:28Z">
      <class name="jenkins.JenkinsIntegrationWithGIT">
        <test-method status="PASS" signature="JenkinsIntegrationWithGITMethod()[pri:0, instance:jenkins.JenkinsIntegrationWithGIT@56f4468b]" name="JenkinsIntegrationWithGITMethod" duration-ms="70" started-at="2019-02-17T17:09:28Z" finished-at="2019-02-17T17:09:28Z">
          <reporter-output>
          </reporter-output>
        </test-method> <!-- JenkinsIntegrationWithGITMethod -->
      </class> <!-- jenkins.JenkinsIntegrationWithGIT -->
    </test> <!-- Test -->
  </suite> <!-- Suite -->
</testng-results>
